<?xml version="1.0" ?>
<coverage version="7.10.7" timestamp="1760260057831" lines-valid="955" lines-covered="744" line-rate="0.7791" branches-covered="0" branches-valid="0" branch-rate="0" complexity="0">
	<!-- Generated by coverage.py: https://coverage.readthedocs.io/en/7.10.7 -->
	<!-- Based on https://raw.githubusercontent.com/cobertura/web/master/htdocs/xml/coverage-04.dtd -->
	<sources>
		<source>/builds/krizar/pydelica/pydelica</source>
	</sources>
	<packages>
		<package name="." line-rate="0.7136" branch-rate="0" complexity="0">
			<classes>
				<class name="__init__.py" filename="__init__.py" complexity="0" line-rate="0.6619" branch-rate="0">
					<methods/>
					<lines>
						<line number="1" hits="1"/>
						<line number="2" hits="1"/>
						<line number="3" hits="1"/>
						<line number="4" hits="1"/>
						<line number="5" hits="1"/>
						<line number="6" hits="1"/>
						<line number="7" hits="1"/>
						<line number="8" hits="1"/>
						<line number="9" hits="1"/>
						<line number="10" hits="1"/>
						<line number="12" hits="1"/>
						<line number="14" hits="1"/>
						<line number="15" hits="1"/>
						<line number="16" hits="1"/>
						<line number="17" hits="1"/>
						<line number="18" hits="1"/>
						<line number="19" hits="1"/>
						<line number="22" hits="1"/>
						<line number="23" hits="1"/>
						<line number="24" hits="1"/>
						<line number="36" hits="1"/>
						<line number="37" hits="1"/>
						<line number="38" hits="1"/>
						<line number="39" hits="1"/>
						<line number="40" hits="1"/>
						<line number="41" hits="1"/>
						<line number="42" hits="1"/>
						<line number="43" hits="1"/>
						<line number="44" hits="1"/>
						<line number="45" hits="1"/>
						<line number="46" hits="0"/>
						<line number="50" hits="0"/>
						<line number="51" hits="1"/>
						<line number="52" hits="1"/>
						<line number="53" hits="1"/>
						<line number="54" hits="1"/>
						<line number="55" hits="1"/>
						<line number="56" hits="1"/>
						<line number="58" hits="1"/>
						<line number="59" hits="1"/>
						<line number="61" hits="1"/>
						<line number="62" hits="1"/>
						<line number="64" hits="1"/>
						<line number="65" hits="1"/>
						<line number="73" hits="0"/>
						<line number="75" hits="1"/>
						<line number="76" hits="1"/>
						<line number="93" hits="0"/>
						<line number="101" hits="1"/>
						<line number="102" hits="1"/>
						<line number="119" hits="1"/>
						<line number="121" hits="1"/>
						<line number="122" hits="1"/>
						<line number="123" hits="0"/>
						<line number="125" hits="1"/>
						<line number="126" hits="1"/>
						<line number="127" hits="0"/>
						<line number="129" hits="1"/>
						<line number="130" hits="1"/>
						<line number="131" hits="1"/>
						<line number="133" hits="1"/>
						<line number="134" hits="1"/>
						<line number="138" hits="1"/>
						<line number="139" hits="1"/>
						<line number="140" hits="1"/>
						<line number="141" hits="0"/>
						<line number="142" hits="1"/>
						<line number="143" hits="1"/>
						<line number="145" hits="1"/>
						<line number="146" hits="1"/>
						<line number="184" hits="1"/>
						<line number="185" hits="1"/>
						<line number="187" hits="1"/>
						<line number="193" hits="1"/>
						<line number="194" hits="0"/>
						<line number="196" hits="1"/>
						<line number="198" hits="1"/>
						<line number="206" hits="1"/>
						<line number="208" hits="1"/>
						<line number="209" hits="0"/>
						<line number="213" hits="1"/>
						<line number="214" hits="1"/>
						<line number="215" hits="1"/>
						<line number="216" hits="1"/>
						<line number="218" hits="1"/>
						<line number="220" hits="1"/>
						<line number="221" hits="0"/>
						<line number="223" hits="1"/>
						<line number="226" hits="1"/>
						<line number="227" hits="0"/>
						<line number="234" hits="0"/>
						<line number="239" hits="1"/>
						<line number="241" hits="1"/>
						<line number="242" hits="1"/>
						<line number="244" hits="1"/>
						<line number="249" hits="1"/>
						<line number="250" hits="1"/>
						<line number="255" hits="1"/>
						<line number="256" hits="0"/>
						<line number="259" hits="1"/>
						<line number="261" hits="1"/>
						<line number="267" hits="1"/>
						<line number="270" hits="0"/>
						<line number="271" hits="1"/>
						<line number="273" hits="1"/>
						<line number="274" hits="1"/>
						<line number="275" hits="1"/>
						<line number="276" hits="1"/>
						<line number="277" hits="0"/>
						<line number="278" hits="0"/>
						<line number="281" hits="1"/>
						<line number="283" hits="1"/>
						<line number="298" hits="1"/>
						<line number="299" hits="1"/>
						<line number="300" hits="1"/>
						<line number="303" hits="0"/>
						<line number="304" hits="0"/>
						<line number="306" hits="1"/>
						<line number="308" hits="1"/>
						<line number="309" hits="1"/>
						<line number="310" hits="1"/>
						<line number="311" hits="1"/>
						<line number="312" hits="0"/>
						<line number="313" hits="1"/>
						<line number="314" hits="1"/>
						<line number="316" hits="1"/>
						<line number="317" hits="1"/>
						<line number="330" hits="1"/>
						<line number="331" hits="1"/>
						<line number="332" hits="1"/>
						<line number="336" hits="0"/>
						<line number="340" hits="1"/>
						<line number="344" hits="0"/>
						<line number="348" hits="1"/>
						<line number="349" hits="0"/>
						<line number="351" hits="1"/>
						<line number="352" hits="1"/>
						<line number="372" hits="1"/>
						<line number="373" hits="1"/>
						<line number="374" hits="1"/>
						<line number="375" hits="1"/>
						<line number="376" hits="0"/>
						<line number="377" hits="0"/>
						<line number="378" hits="1"/>
						<line number="380" hits="1"/>
						<line number="381" hits="1"/>
						<line number="405" hits="1"/>
						<line number="406" hits="1"/>
						<line number="407" hits="0"/>
						<line number="408" hits="0"/>
						<line number="410" hits="1"/>
						<line number="411" hits="1"/>
						<line number="421" hits="1"/>
						<line number="422" hits="0"/>
						<line number="426" hits="1"/>
						<line number="429" hits="1"/>
						<line number="430" hits="1"/>
						<line number="431" hits="1"/>
						<line number="432" hits="1"/>
						<line number="433" hits="0"/>
						<line number="435" hits="1"/>
						<line number="436" hits="1"/>
						<line number="454" hits="1"/>
						<line number="455" hits="1"/>
						<line number="456" hits="1"/>
						<line number="457" hits="1"/>
						<line number="458" hits="0"/>
						<line number="459" hits="0"/>
						<line number="460" hits="1"/>
						<line number="462" hits="1"/>
						<line number="465" hits="0"/>
						<line number="466" hits="0"/>
						<line number="468" hits="0"/>
						<line number="469" hits="0"/>
						<line number="470" hits="0"/>
						<line number="472" hits="0"/>
						<line number="478" hits="0"/>
						<line number="479" hits="0"/>
						<line number="480" hits="0"/>
						<line number="482" hits="1"/>
						<line number="483" hits="1"/>
						<line number="495" hits="1"/>
						<line number="496" hits="1"/>
						<line number="497" hits="1"/>
						<line number="500" hits="1"/>
						<line number="501" hits="1"/>
						<line number="502" hits="1"/>
						<line number="503" hits="0"/>
						<line number="504" hits="0"/>
						<line number="509" hits="1"/>
						<line number="512" hits="1"/>
						<line number="514" hits="1"/>
						<line number="516" hits="1"/>
						<line number="520" hits="1"/>
						<line number="521" hits="0"/>
						<line number="522" hits="1"/>
						<line number="524" hits="1"/>
						<line number="525" hits="0"/>
						<line number="530" hits="1"/>
						<line number="531" hits="0"/>
						<line number="532" hits="1"/>
						<line number="533" hits="0"/>
						<line number="537" hits="1"/>
						<line number="538" hits="1"/>
						<line number="540" hits="1"/>
						<line number="542" hits="1"/>
						<line number="543" hits="1"/>
						<line number="544" hits="1"/>
						<line number="554" hits="1"/>
						<line number="556" hits="1"/>
						<line number="557" hits="0"/>
						<line number="558" hits="0"/>
						<line number="559" hits="0"/>
						<line number="560" hits="0"/>
						<line number="564" hits="1"/>
						<line number="565" hits="1"/>
						<line number="567" hits="1"/>
						<line number="568" hits="0"/>
						<line number="569" hits="0"/>
						<line number="570" hits="0"/>
						<line number="571" hits="0"/>
						<line number="573" hits="0"/>
						<line number="578" hits="0"/>
						<line number="579" hits="0"/>
						<line number="580" hits="0"/>
						<line number="582" hits="0"/>
						<line number="584" hits="1"/>
						<line number="585" hits="1"/>
						<line number="588" hits="1"/>
						<line number="589" hits="0"/>
						<line number="593" hits="0"/>
						<line number="595" hits="1"/>
						<line number="596" hits="1"/>
						<line number="598" hits="1"/>
						<line number="599" hits="1"/>
						<line number="604" hits="0"/>
						<line number="605" hits="0"/>
						<line number="609" hits="0"/>
						<line number="610" hits="0"/>
						<line number="611" hits="0"/>
						<line number="612" hits="0"/>
						<line number="614" hits="0"/>
						<line number="615" hits="0"/>
						<line number="617" hits="1"/>
						<line number="618" hits="1"/>
						<line number="624" hits="0"/>
						<line number="625" hits="0"/>
						<line number="626" hits="0"/>
						<line number="627" hits="0"/>
						<line number="628" hits="0"/>
						<line number="629" hits="0"/>
						<line number="631" hits="0"/>
						<line number="632" hits="0"/>
						<line number="633" hits="0"/>
						<line number="634" hits="0"/>
						<line number="635" hits="0"/>
						<line number="637" hits="1"/>
						<line number="638" hits="1"/>
						<line number="641" hits="0"/>
						<line number="642" hits="0"/>
						<line number="643" hits="0"/>
						<line number="645" hits="0"/>
						<line number="646" hits="0"/>
						<line number="648" hits="1"/>
						<line number="649" hits="1"/>
						<line number="652" hits="0"/>
						<line number="653" hits="0"/>
						<line number="654" hits="0"/>
						<line number="656" hits="0"/>
						<line number="657" hits="0"/>
						<line number="659" hits="1"/>
						<line number="660" hits="1"/>
						<line number="663" hits="0"/>
						<line number="664" hits="0"/>
						<line number="665" hits="0"/>
						<line number="667" hits="0"/>
						<line number="668" hits="0"/>
						<line number="670" hits="1"/>
						<line number="687" hits="1"/>
						<line number="688" hits="0"/>
						<line number="697" hits="1"/>
					</lines>
				</class>
				<class name="compiler.py" filename="compiler.py" complexity="0" line-rate="0.6772" branch-rate="0">
					<methods/>
					<lines>
						<line number="1" hits="1"/>
						<line number="2" hits="1"/>
						<line number="3" hits="1"/>
						<line number="4" hits="1"/>
						<line number="5" hits="1"/>
						<line number="6" hits="1"/>
						<line number="7" hits="1"/>
						<line number="8" hits="1"/>
						<line number="9" hits="1"/>
						<line number="11" hits="1"/>
						<line number="12" hits="1"/>
						<line number="15" hits="1"/>
						<line number="18" hits="1"/>
						<line number="31" hits="1"/>
						<line number="32" hits="1"/>
						<line number="33" hits="1"/>
						<line number="34" hits="1"/>
						<line number="37" hits="1"/>
						<line number="38" hits="1"/>
						<line number="40" hits="1"/>
						<line number="42" hits="1"/>
						<line number="43" hits="0"/>
						<line number="44" hits="0"/>
						<line number="47" hits="1"/>
						<line number="48" hits="1"/>
						<line number="50" hits="1"/>
						<line number="51" hits="0"/>
						<line number="53" hits="1"/>
						<line number="54" hits="0"/>
						<line number="61" hits="0"/>
						<line number="65" hits="0"/>
						<line number="70" hits="1"/>
						<line number="72" hits="1"/>
						<line number="74" hits="1"/>
						<line number="75" hits="1"/>
						<line number="77" hits="1"/>
						<line number="79" hits="1"/>
						<line number="80" hits="1"/>
						<line number="82" hits="0"/>
						<line number="84" hits="1"/>
						<line number="102" hits="0"/>
						<line number="103" hits="0"/>
						<line number="105" hits="0"/>
						<line number="106" hits="0"/>
						<line number="108" hits="1"/>
						<line number="110" hits="0"/>
						<line number="111" hits="0"/>
						<line number="112" hits="0"/>
						<line number="113" hits="0"/>
						<line number="114" hits="0"/>
						<line number="116" hits="1"/>
						<line number="117" hits="1"/>
						<line number="145" hits="1"/>
						<line number="150" hits="1"/>
						<line number="154" hits="1"/>
						<line number="155" hits="0"/>
						<line number="157" hits="1"/>
						<line number="158" hits="1"/>
						<line number="159" hits="1"/>
						<line number="160" hits="1"/>
						<line number="163" hits="1"/>
						<line number="166" hits="1"/>
						<line number="169" hits="1"/>
						<line number="171" hits="1"/>
						<line number="172" hits="0"/>
						<line number="177" hits="1"/>
						<line number="179" hits="1"/>
						<line number="180" hits="0"/>
						<line number="181" hits="0"/>
						<line number="182" hits="0"/>
						<line number="183" hits="0"/>
						<line number="187" hits="0"/>
						<line number="190" hits="0"/>
						<line number="191" hits="0"/>
						<line number="193" hits="1"/>
						<line number="195" hits="1"/>
						<line number="196" hits="1"/>
						<line number="198" hits="1"/>
						<line number="199" hits="1"/>
						<line number="200" hits="1"/>
						<line number="202" hits="0"/>
						<line number="204" hits="1"/>
						<line number="206" hits="1"/>
						<line number="208" hits="1"/>
						<line number="210" hits="1"/>
						<line number="211" hits="1"/>
						<line number="212" hits="1"/>
						<line number="215" hits="1"/>
						<line number="216" hits="1"/>
						<line number="217" hits="1"/>
						<line number="219" hits="1"/>
						<line number="220" hits="1"/>
						<line number="230" hits="1"/>
						<line number="231" hits="1"/>
						<line number="232" hits="0"/>
						<line number="233" hits="0"/>
						<line number="234" hits="0"/>
						<line number="235" hits="0"/>
						<line number="236" hits="0"/>
						<line number="237" hits="1"/>
						<line number="238" hits="1"/>
						<line number="239" hits="1"/>
						<line number="240" hits="1"/>
						<line number="241" hits="1"/>
						<line number="242" hits="1"/>
						<line number="243" hits="0"/>
						<line number="244" hits="0"/>
						<line number="246" hits="0"/>
						<line number="247" hits="0"/>
						<line number="248" hits="0"/>
						<line number="250" hits="1"/>
						<line number="251" hits="0"/>
						<line number="253" hits="1"/>
						<line number="254" hits="0"/>
						<line number="258" hits="1"/>
						<line number="260" hits="1"/>
						<line number="261" hits="1"/>
						<line number="263" hits="1"/>
						<line number="265" hits="1"/>
						<line number="266" hits="0"/>
						<line number="271" hits="0"/>
						<line number="277" hits="1"/>
						<line number="278" hits="0"/>
						<line number="289" hits="0"/>
						<line number="290" hits="0"/>
						<line number="294" hits="0"/>
						<line number="296" hits="1"/>
						<line number="297" hits="0"/>
						<line number="299" hits="1"/>
						<line number="301" hits="1"/>
						<line number="303" hits="1"/>
						<line number="305" hits="1"/>
						<line number="306" hits="0"/>
						<line number="307" hits="1"/>
						<line number="309" hits="1"/>
						<line number="319" hits="1"/>
						<line number="320" hits="1"/>
						<line number="321" hits="0"/>
						<line number="322" hits="0"/>
						<line number="323" hits="0"/>
						<line number="325" hits="1"/>
						<line number="326" hits="1"/>
						<line number="328" hits="1"/>
						<line number="329" hits="0"/>
						<line number="331" hits="1"/>
						<line number="332" hits="0"/>
						<line number="336" hits="1"/>
						<line number="338" hits="1"/>
						<line number="340" hits="1"/>
						<line number="341" hits="1"/>
						<line number="342" hits="1"/>
						<line number="343" hits="1"/>
						<line number="344" hits="1"/>
						<line number="345" hits="1"/>
						<line number="346" hits="1"/>
						<line number="347" hits="1"/>
						<line number="348" hits="1"/>
						<line number="349" hits="1"/>
					</lines>
				</class>
				<class name="exception.py" filename="exception.py" complexity="0" line-rate="0.7576" branch-rate="0">
					<methods/>
					<lines>
						<line number="1" hits="1"/>
						<line number="4" hits="1"/>
						<line number="5" hits="1"/>
						<line number="6" hits="0"/>
						<line number="9" hits="1"/>
						<line number="10" hits="1"/>
						<line number="11" hits="1"/>
						<line number="14" hits="1"/>
						<line number="15" hits="1"/>
						<line number="16" hits="1"/>
						<line number="19" hits="1"/>
						<line number="20" hits="1"/>
						<line number="21" hits="0"/>
						<line number="24" hits="1"/>
						<line number="25" hits="1"/>
						<line number="26" hits="1"/>
						<line number="29" hits="1"/>
						<line number="30" hits="1"/>
						<line number="31" hits="0"/>
						<line number="34" hits="1"/>
						<line number="35" hits="1"/>
						<line number="36" hits="0"/>
						<line number="37" hits="0"/>
						<line number="40" hits="1"/>
						<line number="41" hits="1"/>
						<line number="42" hits="0"/>
						<line number="43" hits="0"/>
						<line number="46" hits="1"/>
						<line number="47" hits="1"/>
						<line number="48" hits="0"/>
						<line number="49" hits="0"/>
						<line number="52" hits="1"/>
						<line number="53" hits="1"/>
						<line number="54" hits="0"/>
						<line number="55" hits="0"/>
						<line number="58" hits="1"/>
						<line number="59" hits="1"/>
						<line number="60" hits="0"/>
						<line number="63" hits="1"/>
						<line number="64" hits="1"/>
						<line number="65" hits="0"/>
						<line number="68" hits="1"/>
						<line number="69" hits="1"/>
						<line number="70" hits="1"/>
						<line number="71" hits="1"/>
						<line number="72" hits="1"/>
						<line number="73" hits="1"/>
						<line number="74" hits="1"/>
						<line number="79" hits="1"/>
						<line number="85" hits="1"/>
						<line number="86" hits="0"/>
						<line number="91" hits="1"/>
						<line number="92" hits="1"/>
						<line number="93" hits="1"/>
						<line number="94" hits="0"/>
						<line number="95" hits="0"/>
						<line number="96" hits="1"/>
						<line number="97" hits="1"/>
						<line number="99" hits="1"/>
						<line number="100" hits="1"/>
						<line number="102" hits="1"/>
						<line number="104" hits="1"/>
						<line number="105" hits="1"/>
						<line number="107" hits="1"/>
						<line number="112" hits="1"/>
						<line number="113" hits="1"/>
					</lines>
				</class>
				<class name="logger.py" filename="logger.py" complexity="0" line-rate="1" branch-rate="0">
					<methods/>
					<lines>
						<line number="1" hits="1"/>
						<line number="4" hits="1"/>
						<line number="5" hits="1"/>
						<line number="6" hits="1"/>
						<line number="7" hits="1"/>
						<line number="8" hits="1"/>
						<line number="9" hits="1"/>
						<line number="10" hits="1"/>
						<line number="11" hits="1"/>
						<line number="12" hits="1"/>
						<line number="13" hits="1"/>
					</lines>
				</class>
				<class name="model.py" filename="model.py" complexity="0" line-rate="0.84" branch-rate="0">
					<methods/>
					<lines>
						<line number="1" hits="1"/>
						<line number="2" hits="1"/>
						<line number="3" hits="1"/>
						<line number="5" hits="1"/>
						<line number="7" hits="1"/>
						<line number="10" hits="1"/>
						<line number="13" hits="1"/>
						<line number="32" hits="1"/>
						<line number="33" hits="1"/>
						<line number="34" hits="1"/>
						<line number="36" hits="1"/>
						<line number="37" hits="0"/>
						<line number="41" hits="1"/>
						<line number="43" hits="1"/>
						<line number="44" hits="1"/>
						<line number="46" hits="1"/>
						<line number="48" hits="1"/>
						<line number="49" hits="1"/>
						<line number="50" hits="1"/>
						<line number="51" hits="1"/>
						<line number="53" hits="1"/>
						<line number="55" hits="1"/>
						<line number="57" hits="1"/>
						<line number="63" hits="1"/>
						<line number="64" hits="1"/>
						<line number="65" hits="1"/>
						<line number="66" hits="1"/>
						<line number="67" hits="1"/>
						<line number="68" hits="1"/>
						<line number="69" hits="1"/>
						<line number="70" hits="1"/>
						<line number="71" hits="1"/>
						<line number="74" hits="0"/>
						<line number="76" hits="1"/>
						<line number="84" hits="0"/>
						<line number="86" hits="1"/>
						<line number="88" hits="1"/>
						<line number="89" hits="1"/>
						<line number="91" hits="1"/>
						<line number="93" hits="1"/>
						<line number="94" hits="1"/>
						<line number="96" hits="1"/>
						<line number="98" hits="1"/>
						<line number="102" hits="1"/>
						<line number="105" hits="1"/>
						<line number="106" hits="1"/>
						<line number="108" hits="1"/>
						<line number="110" hits="1"/>
						<line number="111" hits="1"/>
						<line number="114" hits="1"/>
						<line number="116" hits="1"/>
						<line number="126" hits="1"/>
						<line number="128" hits="1"/>
						<line number="146" hits="1"/>
						<line number="147" hits="0"/>
						<line number="151" hits="1"/>
						<line number="153" hits="1"/>
						<line number="163" hits="0"/>
						<line number="165" hits="1"/>
						<line number="166" hits="1"/>
						<line number="168" hits="1"/>
						<line number="169" hits="0"/>
						<line number="171" hits="1"/>
						<line number="172" hits="1"/>
						<line number="174" hits="1"/>
						<line number="175" hits="0"/>
						<line number="177" hits="1"/>
						<line number="178" hits="0"/>
						<line number="180" hits="1"/>
						<line number="181" hits="0"/>
						<line number="183" hits="1"/>
						<line number="184" hits="0"/>
						<line number="185" hits="0"/>
						<line number="187" hits="1"/>
						<line number="188" hits="0"/>
					</lines>
				</class>
				<class name="solutions.py" filename="solutions.py" complexity="0" line-rate="0.95" branch-rate="0">
					<methods/>
					<lines>
						<line number="1" hits="1"/>
						<line number="2" hits="1"/>
						<line number="3" hits="1"/>
						<line number="4" hits="1"/>
						<line number="7" hits="1"/>
						<line number="10" hits="1"/>
						<line number="18" hits="1"/>
						<line number="19" hits="1"/>
						<line number="20" hits="1"/>
						<line number="22" hits="1"/>
						<line number="42" hits="1"/>
						<line number="44" hits="1"/>
						<line number="45" hits="0"/>
						<line number="47" hits="1"/>
						<line number="48" hits="1"/>
						<line number="49" hits="1"/>
						<line number="50" hits="1"/>
						<line number="51" hits="1"/>
						<line number="53" hits="1"/>
						<line number="54" hits="1"/>
					</lines>
				</class>
			</classes>
		</package>
		<package name="options" line-rate="0.8953" branch-rate="0" complexity="0">
			<classes>
				<class name="__init__.py" filename="options/__init__.py" complexity="0" line-rate="1" branch-rate="0">
					<methods/>
					<lines>
						<line number="1" hits="1"/>
						<line number="2" hits="1"/>
						<line number="3" hits="1"/>
						<line number="4" hits="1"/>
						<line number="5" hits="1"/>
					</lines>
				</class>
				<class name="library.py" filename="options/library.py" complexity="0" line-rate="0.7308" branch-rate="0">
					<methods/>
					<lines>
						<line number="1" hits="1"/>
						<line number="2" hits="1"/>
						<line number="3" hits="1"/>
						<line number="4" hits="1"/>
						<line number="5" hits="1"/>
						<line number="6" hits="1"/>
						<line number="7" hits="1"/>
						<line number="9" hits="1"/>
						<line number="12" hits="1"/>
						<line number="15" hits="1"/>
						<line number="23" hits="1"/>
						<line number="24" hits="1"/>
						<line number="25" hits="1"/>
						<line number="26" hits="1"/>
						<line number="28" hits="1"/>
						<line number="29" hits="1"/>
						<line number="31" hits="1"/>
						<line number="32" hits="1"/>
						<line number="33" hits="1"/>
						<line number="35" hits="1"/>
						<line number="57" hits="1"/>
						<line number="58" hits="1"/>
						<line number="60" hits="1"/>
						<line number="61" hits="0"/>
						<line number="66" hits="1"/>
						<line number="67" hits="0"/>
						<line number="69" hits="1"/>
						<line number="71" hits="1"/>
						<line number="72" hits="1"/>
						<line number="74" hits="1"/>
						<line number="77" hits="1"/>
						<line number="78" hits="1"/>
						<line number="81" hits="1"/>
						<line number="84" hits="1"/>
						<line number="85" hits="1"/>
						<line number="87" hits="1"/>
						<line number="91" hits="1"/>
						<line number="92" hits="0"/>
						<line number="94" hits="1"/>
						<line number="97" hits="1"/>
						<line number="101" hits="1"/>
						<line number="102" hits="1"/>
						<line number="103" hits="1"/>
						<line number="104" hits="1"/>
						<line number="105" hits="1"/>
						<line number="106" hits="0"/>
						<line number="108" hits="0"/>
						<line number="109" hits="0"/>
						<line number="112" hits="0"/>
						<line number="113" hits="0"/>
						<line number="114" hits="1"/>
						<line number="115" hits="1"/>
						<line number="116" hits="1"/>
						<line number="117" hits="1"/>
						<line number="119" hits="0"/>
						<line number="121" hits="0"/>
						<line number="122" hits="0"/>
						<line number="124" hits="0"/>
						<line number="126" hits="1"/>
						<line number="127" hits="1"/>
						<line number="128" hits="1"/>
						<line number="130" hits="1"/>
						<line number="131" hits="1"/>
						<line number="132" hits="0"/>
						<line number="133" hits="0"/>
						<line number="134" hits="0"/>
						<line number="135" hits="0"/>
						<line number="136" hits="1"/>
						<line number="137" hits="0"/>
						<line number="138" hits="0"/>
						<line number="141" hits="0"/>
						<line number="144" hits="0"/>
						<line number="145" hits="0"/>
						<line number="148" hits="1"/>
						<line number="152" hits="1"/>
						<line number="153" hits="1"/>
						<line number="154" hits="1"/>
						<line number="155" hits="1"/>
					</lines>
				</class>
				<class name="runtime.py" filename="options/runtime.py" complexity="0" line-rate="0.9631" branch-rate="0">
					<methods/>
					<lines>
						<line number="1" hits="1"/>
						<line number="2" hits="1"/>
						<line number="5" hits="1"/>
						<line number="1064" hits="1"/>
						<line number="1065" hits="1"/>
						<line number="1066" hits="1"/>
						<line number="1067" hits="1"/>
						<line number="1068" hits="1"/>
						<line number="1069" hits="1"/>
						<line number="1072" hits="1"/>
						<line number="1073" hits="1"/>
						<line number="1074" hits="1"/>
						<line number="1075" hits="1"/>
						<line number="1076" hits="1"/>
						<line number="1077" hits="1"/>
						<line number="1078" hits="1"/>
						<line number="1079" hits="1"/>
						<line number="1080" hits="1"/>
						<line number="1081" hits="1"/>
						<line number="1082" hits="1"/>
						<line number="1083" hits="1"/>
						<line number="1084" hits="1"/>
						<line number="1085" hits="1"/>
						<line number="1086" hits="1"/>
						<line number="1087" hits="1"/>
						<line number="1088" hits="1"/>
						<line number="1089" hits="1"/>
						<line number="1090" hits="1"/>
						<line number="1091" hits="1"/>
						<line number="1092" hits="1"/>
						<line number="1093" hits="1"/>
						<line number="1094" hits="1"/>
						<line number="1095" hits="1"/>
						<line number="1096" hits="1"/>
						<line number="1097" hits="1"/>
						<line number="1098" hits="1"/>
						<line number="1099" hits="1"/>
						<line number="1100" hits="1"/>
						<line number="1101" hits="1"/>
						<line number="1102" hits="1"/>
						<line number="1103" hits="1"/>
						<line number="1104" hits="1"/>
						<line number="1105" hits="1"/>
						<line number="1106" hits="1"/>
						<line number="1107" hits="1"/>
						<line number="1108" hits="1"/>
						<line number="1109" hits="1"/>
						<line number="1110" hits="1"/>
						<line number="1111" hits="1"/>
						<line number="1112" hits="1"/>
						<line number="1113" hits="1"/>
						<line number="1114" hits="1"/>
						<line number="1115" hits="1"/>
						<line number="1116" hits="1"/>
						<line number="1117" hits="1"/>
						<line number="1118" hits="1"/>
						<line number="1119" hits="1"/>
						<line number="1120" hits="1"/>
						<line number="1130" hits="1"/>
						<line number="1131" hits="1"/>
						<line number="1132" hits="1"/>
						<line number="1133" hits="1"/>
						<line number="1134" hits="1"/>
						<line number="1138" hits="1"/>
						<line number="1139" hits="1"/>
						<line number="1140" hits="1"/>
						<line number="1141" hits="1"/>
						<line number="1142" hits="1"/>
						<line number="1143" hits="1"/>
						<line number="1147" hits="1"/>
						<line number="1148" hits="1"/>
						<line number="1149" hits="1"/>
						<line number="1150" hits="1"/>
						<line number="1151" hits="1"/>
						<line number="1152" hits="1"/>
						<line number="1153" hits="1"/>
						<line number="1154" hits="1"/>
						<line number="1155" hits="1"/>
						<line number="1156" hits="1"/>
						<line number="1157" hits="1"/>
						<line number="1158" hits="1"/>
						<line number="1162" hits="1"/>
						<line number="1163" hits="1"/>
						<line number="1164" hits="1"/>
						<line number="1165" hits="1"/>
						<line number="1166" hits="1"/>
						<line number="1167" hits="1"/>
						<line number="1168" hits="1"/>
						<line number="1169" hits="1"/>
						<line number="1170" hits="1"/>
						<line number="1171" hits="1"/>
						<line number="1172" hits="1"/>
						<line number="1173" hits="1"/>
						<line number="1174" hits="1"/>
						<line number="1175" hits="1"/>
						<line number="1176" hits="1"/>
						<line number="1177" hits="1"/>
						<line number="1178" hits="1"/>
						<line number="1179" hits="1"/>
						<line number="1180" hits="1"/>
						<line number="1181" hits="1"/>
						<line number="1182" hits="1"/>
						<line number="1183" hits="1"/>
						<line number="1184" hits="1"/>
						<line number="1185" hits="1"/>
						<line number="1186" hits="1"/>
						<line number="1187" hits="1"/>
						<line number="1236" hits="1"/>
						<line number="1237" hits="1"/>
						<line number="1238" hits="1"/>
						<line number="1250" hits="1"/>
						<line number="1251" hits="1"/>
						<line number="1299" hits="1"/>
						<line number="1300" hits="1"/>
						<line number="1301" hits="1"/>
						<line number="1313" hits="1"/>
						<line number="1314" hits="1"/>
						<line number="1335" hits="1"/>
						<line number="1336" hits="1"/>
						<line number="1337" hits="1"/>
						<line number="1338" hits="1"/>
						<line number="1339" hits="1"/>
						<line number="1340" hits="1"/>
						<line number="1341" hits="1"/>
						<line number="1342" hits="1"/>
						<line number="1343" hits="1"/>
						<line number="1344" hits="1"/>
						<line number="1345" hits="1"/>
						<line number="1346" hits="1"/>
						<line number="1347" hits="1"/>
						<line number="1348" hits="1"/>
						<line number="1349" hits="1"/>
						<line number="1350" hits="1"/>
						<line number="1351" hits="1"/>
						<line number="1352" hits="1"/>
						<line number="1353" hits="1"/>
						<line number="1354" hits="1"/>
						<line number="1355" hits="1"/>
						<line number="1356" hits="1"/>
						<line number="1357" hits="1"/>
						<line number="1358" hits="1"/>
						<line number="1359" hits="1"/>
						<line number="1360" hits="1"/>
						<line number="1361" hits="1"/>
						<line number="1362" hits="1"/>
						<line number="1363" hits="1"/>
						<line number="1364" hits="1"/>
						<line number="1365" hits="1"/>
						<line number="1366" hits="1"/>
						<line number="1367" hits="1"/>
						<line number="1368" hits="1"/>
						<line number="1369" hits="1"/>
						<line number="1370" hits="1"/>
						<line number="1371" hits="1"/>
						<line number="1372" hits="1"/>
						<line number="1373" hits="1"/>
						<line number="1374" hits="1"/>
						<line number="1375" hits="1"/>
						<line number="1376" hits="1"/>
						<line number="1377" hits="1"/>
						<line number="1378" hits="1"/>
						<line number="1379" hits="1"/>
						<line number="1380" hits="1"/>
						<line number="1381" hits="1"/>
						<line number="1382" hits="1"/>
						<line number="1383" hits="1"/>
						<line number="1384" hits="1"/>
						<line number="1385" hits="1"/>
						<line number="1386" hits="1"/>
						<line number="1387" hits="1"/>
						<line number="1388" hits="1"/>
						<line number="1389" hits="1"/>
						<line number="1390" hits="1"/>
						<line number="1391" hits="1"/>
						<line number="1392" hits="1"/>
						<line number="1393" hits="1"/>
						<line number="1394" hits="1"/>
						<line number="1396" hits="1"/>
						<line number="1397" hits="1"/>
						<line number="1398" hits="1"/>
						<line number="1401" hits="1"/>
						<line number="1406" hits="0"/>
						<line number="1409" hits="1"/>
						<line number="1411" hits="1"/>
						<line number="1412" hits="1"/>
						<line number="1413" hits="1"/>
						<line number="1416" hits="1"/>
						<line number="1422" hits="0"/>
						<line number="1425" hits="1"/>
						<line number="1427" hits="1"/>
						<line number="1428" hits="1"/>
						<line number="1429" hits="1"/>
						<line number="1432" hits="1"/>
						<line number="1433" hits="0"/>
						<line number="1434" hits="1"/>
						<line number="1436" hits="1"/>
						<line number="1437" hits="1"/>
						<line number="1438" hits="1"/>
						<line number="1439" hits="1"/>
						<line number="1440" hits="1"/>
						<line number="1441" hits="1"/>
						<line number="1442" hits="1"/>
						<line number="1443" hits="1"/>
						<line number="1444" hits="1"/>
						<line number="1445" hits="1"/>
						<line number="1446" hits="0"/>
						<line number="1447" hits="0"/>
						<line number="1449" hits="0"/>
						<line number="1451" hits="1"/>
						<line number="1452" hits="1"/>
						<line number="1454" hits="1"/>
						<line number="1456" hits="1"/>
						<line number="1457" hits="1"/>
						<line number="1458" hits="0"/>
						<line number="1463" hits="1"/>
						<line number="1464" hits="1"/>
						<line number="1465" hits="0"/>
					</lines>
				</class>
				<class name="simulation.py" filename="options/simulation.py" complexity="0" line-rate="0.8409" branch-rate="0">
					<methods/>
					<lines>
						<line number="1" hits="1"/>
						<line number="2" hits="1"/>
						<line number="3" hits="1"/>
						<line number="4" hits="1"/>
						<line number="5" hits="1"/>
						<line number="7" hits="1"/>
						<line number="8" hits="1"/>
						<line number="11" hits="1"/>
						<line number="13" hits="1"/>
						<line number="14" hits="1"/>
						<line number="15" hits="1"/>
						<line number="18" hits="1"/>
						<line number="20" hits="1"/>
						<line number="21" hits="1"/>
						<line number="22" hits="1"/>
						<line number="25" hits="1"/>
						<line number="33" hits="1"/>
						<line number="47" hits="1"/>
						<line number="49" hits="1"/>
						<line number="50" hits="0"/>
						<line number="55" hits="1"/>
						<line number="57" hits="1"/>
						<line number="59" hits="1"/>
						<line number="60" hits="1"/>
						<line number="62" hits="1"/>
						<line number="63" hits="1"/>
						<line number="65" hits="1"/>
						<line number="67" hits="1"/>
						<line number="68" hits="0"/>
						<line number="69" hits="0"/>
						<line number="71" hits="1"/>
						<line number="72" hits="1"/>
						<line number="74" hits="1"/>
						<line number="75" hits="0"/>
						<line number="77" hits="1"/>
						<line number="92" hits="1"/>
						<line number="93" hits="0"/>
						<line number="94" hits="1"/>
						<line number="95" hits="1"/>
						<line number="96" hits="1"/>
						<line number="98" hits="1"/>
						<line number="99" hits="0"/>
						<line number="101" hits="1"/>
						<line number="102" hits="0"/>
					</lines>
				</class>
			</classes>
		</package>
	</packages>
</coverage>
